----------------------------------------------------------------
Fri Nov 08 15:06:21 IST 2019:
Booting Derby version The Apache Software Foundation - Apache Derby - 10.14.2.0 - (1828579): instance a816c00e-016e-4a5f-2ad8-000007fae7a8 
on database directory memory:C:\Users\manyadav5\Documents\sts-workspace\ace-program\springboot\sapient-ace-batch-2\testdb with class loader sun.misc.Launcher$AppClassLoader@764c12b6 
Loaded from file:/C:/Users/manyadav5/.m2/repository/org/apache/derby/derby/10.14.2.0/derby-10.14.2.0.jar
java.vendor=Oracle Corporation
java.runtime.version=1.8.0_212-b10
user.dir=C:\Users\manyadav5\Documents\sts-workspace\ace-program\springboot\sapient-ace-batch-2
os.name=Windows 10
os.arch=amd64
os.version=10.0
derby.system.home=null
Database Class Loader started - derby.database.classpath=''
----------------------------------------------------------------
Fri Nov 08 15:06:41 IST 2019:
Shutting down instance a816c00e-016e-4a5f-2ad8-000007fae7a8 on database directory memory:C:\Users\manyadav5\Documents\sts-workspace\ace-program\springboot\sapient-ace-batch-2\testdb with class loader sun.misc.Launcher$AppClassLoader@764c12b6 
----------------------------------------------------------------
Fri Nov 08 15:06:51 IST 2019:
Booting Derby version The Apache Software Foundation - Apache Derby - 10.14.2.0 - (1828579): instance eaa980c4-016e-4a5f-2ad8-000007fae7a8 
on database directory memory:C:\Users\manyadav5\Documents\sts-workspace\ace-program\springboot\sapient-ace-batch-2\testdb with class loader sun.misc.Launcher$AppClassLoader@764c12b6 
Loaded from file:/C:/Users/manyadav5/.m2/repository/org/apache/derby/derby/10.14.2.0/derby-10.14.2.0.jar
java.vendor=Oracle Corporation
java.runtime.version=1.8.0_212-b10
user.dir=C:\Users\manyadav5\Documents\sts-workspace\ace-program\springboot\sapient-ace-batch-2
os.name=Windows 10
os.arch=amd64
os.version=10.0
derby.system.home=null
Database Class Loader started - derby.database.classpath=''
----------------------------------------------------------------
Fri Nov 08 15:07:02 IST 2019:
Shutting down instance eaa980c4-016e-4a5f-2ad8-000007fae7a8 on database directory memory:C:\Users\manyadav5\Documents\sts-workspace\ace-program\springboot\sapient-ace-batch-2\testdb with class loader sun.misc.Launcher$AppClassLoader@764c12b6 
